{
  message: 'Connect Database successfully',
  level: 'info',
  label: 'Ahmad',
  timestamp: '2023-06-14T07:03:09.214Z'
}
{
  message: 'application listening on port 5000',
  level: 'info',
  label: 'Ahmad',
  timestamp: '2023-06-14T07:03:09.232Z'
}
{
  message: 'Connect Database successfully',
  level: 'info',
  label: 'Ahmad',
  timestamp: '2023-06-14T07:04:05.058Z'
}
{
  message: 'application listening on port 5000',
  level: 'info',
  label: 'Ahmad',
  timestamp: '2023-06-14T07:04:05.086Z'
}
{
  message: 'Connect Database successfully',
  level: 'info',
  label: 'Ahmad',
  timestamp: '2023-06-14T07:05:12.672Z'
}
{
  message: 'application listening on port 5000',
  level: 'info',
  label: 'Ahmad',
  timestamp: '2023-06-14T07:05:12.685Z'
}
{
  message: 'Connect Database successfully',
  level: 'info',
  label: 'Ahmad',
  timestamp: '2023-06-14T07:06:09.619Z'
}
{
  message: 'application listening on port 5000',
  level: 'info',
  label: 'Ahmad',
  timestamp: '2023-06-14T07:06:09.644Z'
}
{
  message: 'Connect Database successfully',
  level: 'info',
  label: 'Ahmad',
  timestamp: '2023-06-14T07:34:12.118Z'
}
{
  message: 'application listening on port 5000',
  level: 'info',
  label: 'Ahmad',
  timestamp: '2023-06-14T07:34:12.131Z'
}
{
  message: 'Connect Database successfully',
  level: 'info',
  label: 'Ahmad',
  timestamp: '2023-06-14T07:42:29.371Z'
}
{
  message: 'application listening on port 5000',
  level: 'info',
  label: 'Ahmad',
  timestamp: '2023-06-14T07:42:29.390Z'
}
{
  message: 'Connect Database successfully',
  level: 'info',
  label: 'Ahmad',
  timestamp: '2023-06-14T07:42:31.851Z'
}
{
  message: 'application listening on port 5000',
  level: 'info',
  label: 'Ahmad',
  timestamp: '2023-06-14T07:42:31.869Z'
}
{
  message: 'Connect Database successfully',
  level: 'info',
  label: 'Ahmad',
  timestamp: '2023-06-14T07:45:58.155Z'
}
{
  message: 'application listening on port 5000',
  level: 'info',
  label: 'Ahmad',
  timestamp: '2023-06-14T07:45:58.167Z'
}
{
  message: 'Connect Database successfully',
  level: 'info',
  label: 'Ahmad',
  timestamp: '2023-06-14T07:46:39.149Z'
}
{
  message: 'application listening on port 5000',
  level: 'info',
  label: 'Ahmad',
  timestamp: '2023-06-14T07:46:39.170Z'
}
{
  message: 'Connect Database successfully',
  level: 'info',
  label: 'Ahmad',
  timestamp: '2023-06-14T07:46:50.635Z'
}
{
  message: 'application listening on port 5000',
  level: 'info',
  label: 'Ahmad',
  timestamp: '2023-06-14T07:46:50.667Z'
}
{
  message: 'Connect Database successfully',
  level: 'info',
  label: 'Ahmad',
  timestamp: '2023-06-14T07:53:45.478Z'
}
{
  message: 'application listening on port 5000',
  level: 'info',
  label: 'Ahmad',
  timestamp: '2023-06-14T07:53:45.500Z'
}
