{
  message: 'Connect Database successfully',
  level: 'info',
  label: 'Ahmad',
  timestamp: '2023-06-14T11:00:56.855Z'
}
{
  message: 'application listening on port 5000',
  level: 'info',
  label: 'Ahmad',
  timestamp: '2023-06-14T11:00:56.872Z'
}
{
  message: 'Connect Database successfully',
  level: 'info',
  label: 'Ahmad',
  timestamp: '2023-06-14T11:02:51.959Z'
}
{
  message: 'application listening on port 5000',
  level: 'info',
  label: 'Ahmad',
  timestamp: '2023-06-14T11:02:51.975Z'
}
{
  message: 'Connect Database successfully',
  level: 'info',
  label: 'Ahmad',
  timestamp: '2023-06-14T11:03:03.001Z'
}
{
  message: 'application listening on port 5000',
  level: 'info',
  label: 'Ahmad',
  timestamp: '2023-06-14T11:03:03.019Z'
}
{
  message: 'Connect Database successfully',
  level: 'info',
  label: 'Ahmad',
  timestamp: '2023-06-14T11:03:33.829Z'
}
{
  message: 'application listening on port 5000',
  level: 'info',
  label: 'Ahmad',
  timestamp: '2023-06-14T11:03:33.852Z'
}
