{
  message: 'Connect Database successfully',
  level: 'info',
  label: 'Ahmad',
  timestamp: '2023-06-14T06:09:39.509Z'
}
{
  message: 'application listening on port 5000',
  level: 'info',
  label: 'Ahmad',
  timestamp: '2023-06-14T06:09:39.534Z'
}
{
  message: 'Connect Database successfully',
  level: 'info',
  label: 'Ahmad',
  timestamp: '2023-06-14T06:11:57.477Z'
}
{
  message: 'application listening on port 5000',
  level: 'info',
  label: 'Ahmad',
  timestamp: '2023-06-14T06:11:57.498Z'
}
{
  message: 'Connect Database successfully',
  level: 'info',
  label: 'Ahmad',
  timestamp: '2023-06-14T06:12:03.746Z'
}
{
  message: 'application listening on port 5000',
  level: 'info',
  label: 'Ahmad',
  timestamp: '2023-06-14T06:12:03.767Z'
}
{
  message: 'Connect Database successfully',
  level: 'info',
  label: 'Ahmad',
  timestamp: '2023-06-14T06:21:17.062Z'
}
{
  message: 'application listening on port 5000',
  level: 'info',
  label: 'Ahmad',
  timestamp: '2023-06-14T06:21:17.079Z'
}
{
  message: 'Connect Database successfully',
  level: 'info',
  label: 'Ahmad',
  timestamp: '2023-06-14T06:21:40.421Z'
}
{
  message: 'application listening on port 5000',
  level: 'info',
  label: 'Ahmad',
  timestamp: '2023-06-14T06:21:40.452Z'
}
{
  message: 'Connect Database successfully',
  level: 'info',
  label: 'Ahmad',
  timestamp: '2023-06-14T06:21:55.368Z'
}
{
  message: 'application listening on port 5000',
  level: 'info',
  label: 'Ahmad',
  timestamp: '2023-06-14T06:21:55.387Z'
}
{
  message: 'Connect Database successfully',
  level: 'info',
  label: 'Ahmad',
  timestamp: '2023-06-14T06:22:17.719Z'
}
{
  message: 'application listening on port 5000',
  level: 'info',
  label: 'Ahmad',
  timestamp: '2023-06-14T06:22:17.737Z'
}
{
  message: 'Connect Database successfully',
  level: 'info',
  label: 'Ahmad',
  timestamp: '2023-06-14T06:23:04.526Z'
}
{
  message: 'application listening on port 5000',
  level: 'info',
  label: 'Ahmad',
  timestamp: '2023-06-14T06:23:04.541Z'
}
{
  message: 'Connect Database successfully',
  level: 'info',
  label: 'Ahmad',
  timestamp: '2023-06-14T06:24:10.269Z'
}
{
  message: 'application listening on port 5000',
  level: 'info',
  label: 'Ahmad',
  timestamp: '2023-06-14T06:24:10.284Z'
}
{
  message: 'Connect Database successfully',
  level: 'info',
  label: 'Ahmad',
  timestamp: '2023-06-14T06:25:36.345Z'
}
{
  message: 'application listening on port 5000',
  level: 'info',
  label: 'Ahmad',
  timestamp: '2023-06-14T06:25:36.363Z'
}
{
  message: 'Connect Database successfully',
  level: 'info',
  label: 'Ahmad',
  timestamp: '2023-06-14T06:26:05.524Z'
}
{
  message: 'application listening on port 5000',
  level: 'info',
  label: 'Ahmad',
  timestamp: '2023-06-14T06:26:05.538Z'
}
{
  message: 'Connect Database successfully',
  level: 'info',
  label: 'Ahmad',
  timestamp: '2023-06-14T06:26:12.386Z'
}
{
  message: 'application listening on port 5000',
  level: 'info',
  label: 'Ahmad',
  timestamp: '2023-06-14T06:26:12.402Z'
}
{
  message: 'Connect Database successfully',
  level: 'info',
  label: 'Ahmad',
  timestamp: '2023-06-14T06:26:17.632Z'
}
{
  message: 'application listening on port 5000',
  level: 'info',
  label: 'Ahmad',
  timestamp: '2023-06-14T06:26:17.652Z'
}
{
  message: 'Connect Database successfully',
  level: 'info',
  label: 'Ahmad',
  timestamp: '2023-06-14T06:28:11.167Z'
}
{
  message: 'application listening on port 5000',
  level: 'info',
  label: 'Ahmad',
  timestamp: '2023-06-14T06:28:11.204Z'
}
{
  message: 'Connect Database successfully',
  level: 'info',
  label: 'Ahmad',
  timestamp: '2023-06-14T06:33:45.704Z'
}
{
  message: 'application listening on port 5000',
  level: 'info',
  label: 'Ahmad',
  timestamp: '2023-06-14T06:33:45.718Z'
}
{
  message: 'Connect Database successfully',
  level: 'info',
  label: 'Ahmad',
  timestamp: '2023-06-14T06:34:11.709Z'
}
{
  message: 'application listening on port 5000',
  level: 'info',
  label: 'Ahmad',
  timestamp: '2023-06-14T06:34:11.722Z'
}
{
  message: 'Connect Database successfully',
  level: 'info',
  label: 'Ahmad',
  timestamp: '2023-06-14T06:48:05.350Z'
}
{
  message: 'application listening on port 5000',
  level: 'info',
  label: 'Ahmad',
  timestamp: '2023-06-14T06:48:05.381Z'
}
{
  message: 'Connect Database successfully',
  level: 'info',
  label: 'Ahmad',
  timestamp: '2023-06-14T06:48:56.709Z'
}
{
  message: 'application listening on port 5000',
  level: 'info',
  label: 'Ahmad',
  timestamp: '2023-06-14T06:48:56.731Z'
}
{
  message: 'Connect Database successfully',
  level: 'info',
  label: 'Ahmad',
  timestamp: '2023-06-14T06:49:58.984Z'
}
{
  message: 'application listening on port 5000',
  level: 'info',
  label: 'Ahmad',
  timestamp: '2023-06-14T06:49:58.996Z'
}
{
  message: 'Connect Database successfully',
  level: 'info',
  label: 'Ahmad',
  timestamp: '2023-06-14T06:50:02.558Z'
}
{
  message: 'application listening on port 5000',
  level: 'info',
  label: 'Ahmad',
  timestamp: '2023-06-14T06:50:02.570Z'
}
{
  message: 'Connect Database successfully',
  level: 'info',
  label: 'Ahmad',
  timestamp: '2023-06-14T06:50:17.920Z'
}
{
  message: 'application listening on port 5000',
  level: 'info',
  label: 'Ahmad',
  timestamp: '2023-06-14T06:50:17.934Z'
}
{
  message: 'Connect Database successfully',
  level: 'info',
  label: 'Ahmad',
  timestamp: '2023-06-14T06:50:37.128Z'
}
{
  message: 'application listening on port 5000',
  level: 'info',
  label: 'Ahmad',
  timestamp: '2023-06-14T06:50:37.146Z'
}
