{
  message: 'Connect Database successfully',
  level: 'info',
  label: 'Ahmad',
  timestamp: '2023-06-14T10:29:34.083Z'
}
{
  message: 'application listening on port 5000',
  level: 'info',
  label: 'Ahmad',
  timestamp: '2023-06-14T10:29:34.108Z'
}
{
  message: 'Connect Database successfully',
  level: 'info',
  label: 'Ahmad',
  timestamp: '2023-06-14T10:30:41.464Z'
}
{
  message: 'application listening on port 5000',
  level: 'info',
  label: 'Ahmad',
  timestamp: '2023-06-14T10:30:41.483Z'
}
{
  message: 'Connect Database successfully',
  level: 'info',
  label: 'Ahmad',
  timestamp: '2023-06-14T10:33:27.780Z'
}
{
  message: 'application listening on port 5000',
  level: 'info',
  label: 'Ahmad',
  timestamp: '2023-06-14T10:33:27.811Z'
}
{
  message: 'Connect Database successfully',
  level: 'info',
  label: 'Ahmad',
  timestamp: '2023-06-14T10:34:03.197Z'
}
{
  message: 'application listening on port 5000',
  level: 'info',
  label: 'Ahmad',
  timestamp: '2023-06-14T10:34:03.209Z'
}
{
  message: 'Connect Database successfully',
  level: 'info',
  label: 'Ahmad',
  timestamp: '2023-06-14T10:35:23.225Z'
}
{
  message: 'application listening on port 5000',
  level: 'info',
  label: 'Ahmad',
  timestamp: '2023-06-14T10:35:23.237Z'
}
{
  message: 'Connect Database successfully',
  level: 'info',
  label: 'Ahmad',
  timestamp: '2023-06-14T10:36:03.583Z'
}
{
  message: 'application listening on port 5000',
  level: 'info',
  label: 'Ahmad',
  timestamp: '2023-06-14T10:36:03.608Z'
}
{
  message: 'Connect Database successfully',
  level: 'info',
  label: 'Ahmad',
  timestamp: '2023-06-14T10:39:26.038Z'
}
{
  message: 'application listening on port 5000',
  level: 'info',
  label: 'Ahmad',
  timestamp: '2023-06-14T10:39:26.064Z'
}
{
  message: 'Connect Database successfully',
  level: 'info',
  label: 'Ahmad',
  timestamp: '2023-06-14T10:40:49.038Z'
}
{
  message: 'application listening on port 5000',
  level: 'info',
  label: 'Ahmad',
  timestamp: '2023-06-14T10:40:49.059Z'
}
{
  message: 'Connect Database successfully',
  level: 'info',
  label: 'Ahmad',
  timestamp: '2023-06-14T10:45:29.007Z'
}
{
  message: 'application listening on port 5000',
  level: 'info',
  label: 'Ahmad',
  timestamp: '2023-06-14T10:45:29.019Z'
}
{
  message: 'Connect Database successfully',
  level: 'info',
  label: 'Ahmad',
  timestamp: '2023-06-14T10:50:17.693Z'
}
{
  message: 'application listening on port 5000',
  level: 'info',
  label: 'Ahmad',
  timestamp: '2023-06-14T10:50:17.711Z'
}
{
  message: 'Connect Database successfully',
  level: 'info',
  label: 'Ahmad',
  timestamp: '2023-06-14T10:51:41.662Z'
}
{
  message: 'application listening on port 5000',
  level: 'info',
  label: 'Ahmad',
  timestamp: '2023-06-14T10:51:41.677Z'
}
{
  message: 'Connect Database successfully',
  level: 'info',
  label: 'Ahmad',
  timestamp: '2023-06-14T10:51:56.331Z'
}
{
  message: 'application listening on port 5000',
  level: 'info',
  label: 'Ahmad',
  timestamp: '2023-06-14T10:51:56.348Z'
}
{
  message: 'Connect Database successfully',
  level: 'info',
  label: 'Ahmad',
  timestamp: '2023-06-14T10:53:20.437Z'
}
{
  message: 'application listening on port 5000',
  level: 'info',
  label: 'Ahmad',
  timestamp: '2023-06-14T10:53:20.461Z'
}
{
  message: 'Connect Database successfully',
  level: 'info',
  label: 'Ahmad',
  timestamp: '2023-06-14T10:55:51.176Z'
}
{
  message: 'application listening on port 5000',
  level: 'info',
  label: 'Ahmad',
  timestamp: '2023-06-14T10:55:51.193Z'
}
{
  message: 'Connect Database successfully',
  level: 'info',
  label: 'Ahmad',
  timestamp: '2023-06-14T10:58:07.853Z'
}
{
  message: 'application listening on port 5000',
  level: 'info',
  label: 'Ahmad',
  timestamp: '2023-06-14T10:58:07.877Z'
}
{
  message: 'Connect Database successfully',
  level: 'info',
  label: 'Ahmad',
  timestamp: '2023-06-14T10:59:07.041Z'
}
{
  message: 'application listening on port 5000',
  level: 'info',
  label: 'Ahmad',
  timestamp: '2023-06-14T10:59:07.089Z'
}
{
  message: 'Connect Database successfully',
  level: 'info',
  label: 'Ahmad',
  timestamp: '2023-06-14T10:59:49.202Z'
}
{
  message: 'application listening on port 5000',
  level: 'info',
  label: 'Ahmad',
  timestamp: '2023-06-14T10:59:49.225Z'
}
