{
  message: 'Connect Database successfully',
  level: 'info',
  label: 'Ahmad',
  timestamp: '2023-06-14T08:21:27.376Z'
}
{
  message: 'application listening on port 5000',
  level: 'info',
  label: 'Ahmad',
  timestamp: '2023-06-14T08:21:27.397Z'
}
{
  message: 'Connect Database successfully',
  level: 'info',
  label: 'Ahmad',
  timestamp: '2023-06-14T08:31:29.584Z'
}
{
  message: 'application listening on port 5000',
  level: 'info',
  label: 'Ahmad',
  timestamp: '2023-06-14T08:31:29.609Z'
}
{
  message: 'Connect Database successfully',
  level: 'info',
  label: 'Ahmad',
  timestamp: '2023-06-14T08:33:42.415Z'
}
{
  message: 'application listening on port 5000',
  level: 'info',
  label: 'Ahmad',
  timestamp: '2023-06-14T08:33:42.449Z'
}
